<?xml version="1.0" encoding="UTF-8"?>
<!-- Generated by org.testng.reporters.JUnitReportReporter -->
<testsuite skipped="2" hostname="SKY-4DL5RV2-10" name="testcases.FlightSearch" tests="4" failures="0" timestamp="21 Nov 2020 14:44:18 GMT" time="72.601" errors="0">
  <testcase name="searchFlight" time="37.007" classname="testcases.FlightSearch"/>
  <testcase name="searchFlight" time="35.594" classname="testcases.FlightSearch"/>
  <testcase name="verifyHomePage" classname="testcases.FlightSearch">
    <skipped/>
  </testcase> <!-- verifyHomePage -->
  <testcase name="verifyHomePage" classname="testcases.FlightSearch">
    <skipped/>
  </testcase> <!-- verifyHomePage -->
</testsuite> <!-- testcases.FlightSearch -->
