<?xml version="1.0" encoding="UTF-8"?>
<!-- Generated by org.testng.reporters.JUnitReportReporter -->
<testsuite skipped="0" hostname="SKY-4DL5RV2-10" name="testcases.HotelSearch" tests="2" failures="0" timestamp="09 Nov 2020 20:02:48 GMT" time="44.762" errors="0">
  <testcase name="searchHotel" time="23.956" classname="testcases.HotelSearch"/>
  <testcase name="searchHotel" time="20.806" classname="testcases.HotelSearch"/>
</testsuite> <!-- testcases.HotelSearch -->
