<?xml version="1.0" encoding="UTF-8"?>
<!-- Generated by org.testng.reporters.JUnitReportReporter -->
<testsuite skipped="2" hostname="SKY-4DL5RV2-10" name="testcases.FlightSearch" tests="4" failures="0" timestamp="09 Nov 2020 20:02:48 GMT" time="43.947" errors="0">
  <testcase name="searchFlight" time="17.967" classname="testcases.FlightSearch"/>
  <testcase name="searchFlight" time="25.980" classname="testcases.FlightSearch"/>
  <testcase name="verifyHomePage" classname="testcases.FlightSearch">
    <skipped/>
  </testcase> <!-- verifyHomePage -->
  <testcase name="verifyHomePage" classname="testcases.FlightSearch">
    <skipped/>
  </testcase> <!-- verifyHomePage -->
</testsuite> <!-- testcases.FlightSearch -->
