<?xml version="1.0" encoding="UTF-8"?>
<!-- Generated by org.testng.reporters.JUnitReportReporter -->
<testsuite skipped="0" hostname="SKY-4DL5RV2-10" name="testcases.HotelSearch" tests="2" failures="0" timestamp="21 Nov 2020 14:44:18 GMT" time="70.183" errors="0">
  <testcase name="searchHotel" time="32.143" classname="testcases.HotelSearch"/>
  <testcase name="searchHotel" time="38.040" classname="testcases.HotelSearch"/>
</testsuite> <!-- testcases.HotelSearch -->
